<?xml version="1.0" encoding="UTF-8"?>
<testsuite name="PermissionManagerTest" tests="2" skipped="0" failures="0" errors="0" timestamp="2021-10-13T17:12:52" hostname="WINDOWS-4FVQM4E" time="0.019">
  <properties/>
  <testcase name="Test for get_and_setPermissionLevel method" classname="PermissionManagerTest" time="0.018"/>
  <testcase name="Test for getPermissionLevel method" classname="PermissionManagerTest" time="0.001"/>
  <system-out><![CDATA[]]></system-out>
  <system-err><![CDATA[]]></system-err>
</testsuite>
