<?xml version="1.0" encoding="UTF-8"?>
<testsuite name="TestApp" tests="1" skipped="0" failures="0" errors="0" timestamp="2021-10-04T16:22:42" hostname="WINDOWS-4FVQM4E" time="0.017">
  <properties/>
  <testcase name="test()" classname="TestApp" time="0.017"/>
  <system-out><![CDATA[]]></system-out>
  <system-err><![CDATA[]]></system-err>
</testsuite>
